<?xml version="1.0" encoding="utf-8"?><testsuites name="pytest tests"><testsuite name="pytest" errors="0" failures="0" skipped="0" tests="15" time="18.813" timestamp="2026-07-09T02:08:10.918233+00:00" hostname="agent-env-a723884f-00d3-40bf-9cbc-dc29fe22b820"><testcase classname="tests.backend_test" name="test_markets" time="0.275" /><testcase classname="tests.backend_test" name="test_wallet_connect_generates" time="0.059" /><testcase classname="tests.backend_test" name="test_wallet_connect_specific" time="0.113" /><testcase classname="tests.backend_test" name="test_position_defaults" time="0.110" /><testcase classname="tests.backend_test" name="test_supply_xlm" time="0.055" /><testcase classname="tests.backend_test" name="test_supply_insufficient" time="0.049" /><testcase classname="tests.backend_test" name="test_borrow_no_collateral" time="0.108" /><testcase classname="tests.backend_test" name="test_borrow_usdc" time="0.053" /><testcase classname="tests.backend_test" name="test_repay" time="0.055" /><testcase classname="tests.backend_test" name="test_withdraw_hf_protection" time="0.056" /><testcase classname="tests.backend_test" name="test_automation_config" time="0.116" /><testcase classname="tests.backend_test" name="test_activity" time="0.059" /><testcase classname="tests.backend_test" name="test_liquidations_empty_or_list" time="0.052" /><testcase classname="tests.backend_test" name="test_ai_insight" time="8.729" /><testcase classname="tests.backend_test" name="test_automation_triggers_liquidation" time="8.406" /></testsuite></testsuites>